2018-08-03 12:55:41:INFO InitModelProcessor [main] - Step Start: init
2018-08-03 12:55:46:ERROR InitModelProcessor [main] - Error:
ShifuException [error=1055: The grid search config file did not pass the validation.]
	at ml.shifu.shifu.core.dtrain.gs.GridSearch.validate(GridSearch.java:366)
	at ml.shifu.shifu.core.dtrain.gs.GridSearch.<init>(GridSearch.java:112)
	at ml.shifu.shifu.container.meta.MetaFactory.validate(MetaFactory.java:138)
	at ml.shifu.shifu.core.validator.ModelInspector.checkMeta(ModelInspector.java:203)
	at ml.shifu.shifu.core.validator.ModelInspector.probe(ModelInspector.java:96)
	at ml.shifu.shifu.core.processor.BasicModelProcessor.validateModelConfig(BasicModelProcessor.java:257)
	at ml.shifu.shifu.core.processor.BasicModelProcessor.setUp(BasicModelProcessor.java:116)
	at ml.shifu.shifu.core.processor.InitModelProcessor.run(InitModelProcessor.java:90)
	at ml.shifu.shifu.ShifuCLI.initializeModel(ShifuCLI.java:423)
	at ml.shifu.shifu.ShifuCLI.main(ShifuCLI.java:195)
Caused by: java.lang.ClassCastException: java.lang.Double cannot be cast to java.util.List
	at ml.shifu.shifu.container.meta.MetaFactory.validate(MetaFactory.java:480)
	at ml.shifu.shifu.core.dtrain.gs.GridSearch.validate(GridSearch.java:390)
	at ml.shifu.shifu.core.dtrain.gs.GridSearch.validate(GridSearch.java:363)
	... 9 more
2018-08-03 12:55:46:WARN ShifuCLI [main] - Error in ModelSet initilization, please check your shifu config or report issue
2018-08-03 12:56:26:INFO InitModelProcessor [main] - Step Start: init
2018-08-03 12:56:32:ERROR InitModelProcessor [main] - Error:
ShifuException [error=1055: The grid search config file did not pass the validation.]
	at ml.shifu.shifu.core.dtrain.gs.GridSearch.validate(GridSearch.java:366)
	at ml.shifu.shifu.core.dtrain.gs.GridSearch.<init>(GridSearch.java:115)
	at ml.shifu.shifu.container.meta.MetaFactory.validate(MetaFactory.java:138)
	at ml.shifu.shifu.core.validator.ModelInspector.checkMeta(ModelInspector.java:203)
	at ml.shifu.shifu.core.validator.ModelInspector.probe(ModelInspector.java:96)
	at ml.shifu.shifu.core.processor.BasicModelProcessor.validateModelConfig(BasicModelProcessor.java:257)
	at ml.shifu.shifu.core.processor.BasicModelProcessor.setUp(BasicModelProcessor.java:116)
	at ml.shifu.shifu.core.processor.InitModelProcessor.run(InitModelProcessor.java:90)
	at ml.shifu.shifu.ShifuCLI.initializeModel(ShifuCLI.java:423)
	at ml.shifu.shifu.ShifuCLI.main(ShifuCLI.java:195)
Caused by: java.lang.ClassCastException: java.lang.Double cannot be cast to java.util.List
	at ml.shifu.shifu.container.meta.MetaFactory.validate(MetaFactory.java:480)
	at ml.shifu.shifu.core.dtrain.gs.GridSearch.validate(GridSearch.java:390)
	at ml.shifu.shifu.core.dtrain.gs.GridSearch.validate(GridSearch.java:363)
	... 9 more
2018-08-03 12:56:32:WARN ShifuCLI [main] - Error in ModelSet initilization, please check your shifu config or report issue
2018-08-03 01:05:38:INFO InitModelProcessor [main] - Step Start: init
2018-08-03 01:05:45:ERROR InitModelProcessor [main] - Error:
ShifuException [error=1055: The grid search config file did not pass the validation.]
	at ml.shifu.shifu.core.dtrain.gs.GridSearch.validate(GridSearch.java:366)
	at ml.shifu.shifu.core.dtrain.gs.GridSearch.<init>(GridSearch.java:115)
	at ml.shifu.shifu.container.meta.MetaFactory.validate(MetaFactory.java:138)
	at ml.shifu.shifu.core.validator.ModelInspector.checkMeta(ModelInspector.java:203)
	at ml.shifu.shifu.core.validator.ModelInspector.probe(ModelInspector.java:96)
	at ml.shifu.shifu.core.processor.BasicModelProcessor.validateModelConfig(BasicModelProcessor.java:257)
	at ml.shifu.shifu.core.processor.BasicModelProcessor.setUp(BasicModelProcessor.java:116)
	at ml.shifu.shifu.core.processor.InitModelProcessor.run(InitModelProcessor.java:90)
	at ml.shifu.shifu.ShifuCLI.initializeModel(ShifuCLI.java:423)
	at ml.shifu.shifu.ShifuCLI.main(ShifuCLI.java:195)
Caused by: java.lang.ClassCastException: java.lang.Double cannot be cast to java.util.List
	at ml.shifu.shifu.container.meta.MetaFactory.validate(MetaFactory.java:480)
	at ml.shifu.shifu.core.dtrain.gs.GridSearch.validate(GridSearch.java:390)
	at ml.shifu.shifu.core.dtrain.gs.GridSearch.validate(GridSearch.java:363)
	... 9 more
2018-08-03 01:05:45:WARN ShifuCLI [main] - Error in ModelSet initilization, please check your shifu config or report issue
2018-08-03 01:08:53:INFO InitModelProcessor [main] - Step Start: init
2018-08-03 01:09:02:INFO BasicModelProcessor [main] - ModelConfig Validation - OK
2018-08-03 01:09:02:INFO BasicModelProcessor [main] - intoKeras
2018-08-03 01:09:02:INFO BasicModelProcessor [main] - Training Data Soure Location: HDFS
2018-08-03 01:09:03:INFO DFSClient [main] - No node available for BP-767777178-127.0.1.1-1533092093007:blk_1073741844_1020 file=/user/yexiao/cancer-judgement/DataSet1/.pig_header
2018-08-03 01:09:03:INFO DFSClient [main] - Could not obtain BP-767777178-127.0.1.1-1533092093007:blk_1073741844_1020 from any node: java.io.IOException: No live nodes contain block BP-767777178-127.0.1.1-1533092093007:blk_1073741844_1020 after checking nodes = [], ignoredNodes = null No live nodes contain current block Block locations: Dead nodes: . Will get new block locations from namenode and retry...
2018-08-03 01:09:03:WARN DFSClient [main] - DFS chooseDataNode: got # 1 IOException, will wait for 1020.4868351037187 msec.
2018-08-03 01:09:04:INFO DFSClient [main] - No node available for BP-767777178-127.0.1.1-1533092093007:blk_1073741844_1020 file=/user/yexiao/cancer-judgement/DataSet1/.pig_header
2018-08-03 01:09:04:INFO DFSClient [main] - Could not obtain BP-767777178-127.0.1.1-1533092093007:blk_1073741844_1020 from any node: java.io.IOException: No live nodes contain block BP-767777178-127.0.1.1-1533092093007:blk_1073741844_1020 after checking nodes = [], ignoredNodes = null No live nodes contain current block Block locations: Dead nodes: . Will get new block locations from namenode and retry...
2018-08-03 01:09:04:WARN DFSClient [main] - DFS chooseDataNode: got # 2 IOException, will wait for 8275.777574329528 msec.
2018-08-03 01:09:12:INFO DFSClient [main] - No node available for BP-767777178-127.0.1.1-1533092093007:blk_1073741844_1020 file=/user/yexiao/cancer-judgement/DataSet1/.pig_header
2018-08-03 01:09:12:INFO DFSClient [main] - Could not obtain BP-767777178-127.0.1.1-1533092093007:blk_1073741844_1020 from any node: java.io.IOException: No live nodes contain block BP-767777178-127.0.1.1-1533092093007:blk_1073741844_1020 after checking nodes = [], ignoredNodes = null No live nodes contain current block Block locations: Dead nodes: . Will get new block locations from namenode and retry...
2018-08-03 01:09:12:WARN DFSClient [main] - DFS chooseDataNode: got # 3 IOException, will wait for 11284.901186252377 msec.
