2018-07-12 02:17:32:INFO CreateModelProcessor [main] - Creating ModelSet Folder: /home/yexiao/shifu-master/dataset1...
2018-07-12 02:17:32:INFO CreateModelProcessor [main] - Creating Initial ModelConfig.json ...
2018-07-12 02:17:33:INFO CreateModelProcessor [main] - Enable LOCAL mode because Hadoop cluster is not detected.
2018-07-12 02:17:33:WARN NativeCodeLoader [main] - Unable to load native-hadoop library for your platform... using builtin-java classes where applicable
2018-07-12 02:17:34:INFO CreateModelProcessor [main] - Step Finished: new
2018-07-12 02:17:34:INFO ShifuCLI [main] - ModelSet dataset1 is created successfully with ModelConfig.json in dataset1 folder.
2018-07-12 02:17:34:INFO ShifuCLI [main] - Please change your folder to dataset1 and then configure your ModelConfig.json or directly do initialization step by 'shifu init.'
2018-07-12 02:17:50:INFO CreateModelProcessor [main] - Creating ModelSet Folder: /home/yexiao/shifu-master/dataset2...
2018-07-12 02:17:50:INFO CreateModelProcessor [main] - Creating Initial ModelConfig.json ...
2018-07-12 02:17:51:INFO CreateModelProcessor [main] - Enable LOCAL mode because Hadoop cluster is not detected.
2018-07-12 02:17:51:WARN NativeCodeLoader [main] - Unable to load native-hadoop library for your platform... using builtin-java classes where applicable
2018-07-12 02:17:52:INFO CreateModelProcessor [main] - Step Finished: new
2018-07-12 02:17:52:INFO ShifuCLI [main] - ModelSet dataset2 is created successfully with ModelConfig.json in dataset2 folder.
2018-07-12 02:17:52:INFO ShifuCLI [main] - Please change your folder to dataset2 and then configure your ModelConfig.json or directly do initialization step by 'shifu init.'
2018-07-12 05:45:49:INFO CreateModelProcessor [main] - Creating ModelSet Folder: /home/yexiao/shifu-master/dataset3...
2018-07-12 05:45:49:INFO CreateModelProcessor [main] - Creating Initial ModelConfig.json ...
2018-07-12 05:45:49:INFO CreateModelProcessor [main] - Enable LOCAL mode because Hadoop cluster is not detected.
2018-07-12 05:45:50:WARN NativeCodeLoader [main] - Unable to load native-hadoop library for your platform... using builtin-java classes where applicable
2018-07-12 05:45:50:INFO CreateModelProcessor [main] - Step Finished: new
2018-07-12 05:45:50:INFO ShifuCLI [main] - ModelSet dataset3 is created successfully with ModelConfig.json in dataset3 folder.
2018-07-12 05:45:50:INFO ShifuCLI [main] - Please change your folder to dataset3 and then configure your ModelConfig.json or directly do initialization step by 'shifu init.'
2018-07-12 06:21:12:INFO CreateModelProcessor [main] - Creating ModelSet Folder: /home/yexiao/shifu-master/dataset1...
2018-07-12 06:21:12:INFO CreateModelProcessor [main] - Creating Initial ModelConfig.json ...
2018-07-12 06:21:13:INFO CreateModelProcessor [main] - Enable LOCAL mode because Hadoop cluster is not detected.
2018-07-12 06:21:13:WARN NativeCodeLoader [main] - Unable to load native-hadoop library for your platform... using builtin-java classes where applicable
2018-07-12 06:21:14:INFO CreateModelProcessor [main] - Step Finished: new
2018-07-12 06:21:14:INFO ShifuCLI [main] - ModelSet dataset1 is created successfully with ModelConfig.json in dataset1 folder.
2018-07-12 06:21:14:INFO ShifuCLI [main] - Please change your folder to dataset1 and then configure your ModelConfig.json or directly do initialization step by 'shifu init.'
2018-07-12 06:21:30:INFO CreateModelProcessor [main] - Creating ModelSet Folder: /home/yexiao/shifu-master/dataset2...
2018-07-12 06:21:30:INFO CreateModelProcessor [main] - Creating Initial ModelConfig.json ...
2018-07-12 06:21:30:INFO CreateModelProcessor [main] - Enable LOCAL mode because Hadoop cluster is not detected.
2018-07-12 06:21:31:WARN NativeCodeLoader [main] - Unable to load native-hadoop library for your platform... using builtin-java classes where applicable
2018-07-12 06:21:31:INFO CreateModelProcessor [main] - Step Finished: new
2018-07-12 06:21:31:INFO ShifuCLI [main] - ModelSet dataset2 is created successfully with ModelConfig.json in dataset2 folder.
2018-07-12 06:21:31:INFO ShifuCLI [main] - Please change your folder to dataset2 and then configure your ModelConfig.json or directly do initialization step by 'shifu init.'
2018-07-12 08:43:18:INFO CreateModelProcessor [main] - Creating ModelSet Folder: /home/yexiao/shifu-master/dataset1...
2018-07-12 08:43:18:INFO CreateModelProcessor [main] - Creating Initial ModelConfig.json ...
2018-07-12 08:43:18:INFO CreateModelProcessor [main] - Enable LOCAL mode because Hadoop cluster is not detected.
2018-07-12 08:43:19:WARN NativeCodeLoader [main] - Unable to load native-hadoop library for your platform... using builtin-java classes where applicable
2018-07-12 08:43:19:INFO CreateModelProcessor [main] - Step Finished: new
2018-07-12 08:43:19:INFO ShifuCLI [main] - ModelSet dataset1 is created successfully with ModelConfig.json in dataset1 folder.
2018-07-12 08:43:19:INFO ShifuCLI [main] - Please change your folder to dataset1 and then configure your ModelConfig.json or directly do initialization step by 'shifu init.'
2018-07-13 02:30:46:INFO CreateModelProcessor [main] - Creating ModelSet Folder: /home/yexiao/shifu-master/dataset1...
2018-07-13 02:30:46:INFO CreateModelProcessor [main] - Creating Initial ModelConfig.json ...
2018-07-13 02:30:47:INFO CreateModelProcessor [main] - Enable LOCAL mode because Hadoop cluster is not detected.
2018-07-13 02:30:47:WARN NativeCodeLoader [main] - Unable to load native-hadoop library for your platform... using builtin-java classes where applicable
2018-07-13 02:30:48:INFO CreateModelProcessor [main] - Step Finished: new
2018-07-13 02:30:48:INFO ShifuCLI [main] - ModelSet dataset1 is created successfully with ModelConfig.json in dataset1 folder.
2018-07-13 02:30:48:INFO ShifuCLI [main] - Please change your folder to dataset1 and then configure your ModelConfig.json or directly do initialization step by 'shifu init.'
2018-07-13 02:58:07:INFO CreateModelProcessor [main] - Creating ModelSet Folder: /home/yexiao/shifu-master/dataset1...
2018-07-13 02:58:07:INFO CreateModelProcessor [main] - Creating Initial ModelConfig.json ...
2018-07-13 02:58:07:INFO CreateModelProcessor [main] - Enable LOCAL mode because Hadoop cluster is not detected.
2018-07-13 02:58:07:WARN NativeCodeLoader [main] - Unable to load native-hadoop library for your platform... using builtin-java classes where applicable
2018-07-13 02:58:08:INFO CreateModelProcessor [main] - Step Finished: new
2018-07-13 02:58:08:INFO ShifuCLI [main] - ModelSet dataset1 is created successfully with ModelConfig.json in dataset1 folder.
2018-07-13 02:58:08:INFO ShifuCLI [main] - Please change your folder to dataset1 and then configure your ModelConfig.json or directly do initialization step by 'shifu init.'
2018-07-13 02:58:16:ERROR ShifuCLI [main] - Invalid command, please check help message.
2018-07-13 03:13:26:INFO CreateModelProcessor [main] - Creating ModelSet Folder: /home/yexiao/shifu-master/dataset1...
2018-07-13 03:13:26:INFO CreateModelProcessor [main] - Creating Initial ModelConfig.json ...
2018-07-13 03:13:27:INFO CreateModelProcessor [main] - Enable LOCAL mode because Hadoop cluster is not detected.
2018-07-13 03:13:27:WARN NativeCodeLoader [main] - Unable to load native-hadoop library for your platform... using builtin-java classes where applicable
2018-07-13 03:13:28:INFO CreateModelProcessor [main] - Step Finished: new
2018-07-13 03:13:28:INFO ShifuCLI [main] - ModelSet dataset1 is created successfully with ModelConfig.json in dataset1 folder.
2018-07-13 03:13:28:INFO ShifuCLI [main] - Please change your folder to dataset1 and then configure your ModelConfig.json or directly do initialization step by 'shifu init.'
2018-07-13 04:22:01:INFO CreateModelProcessor [main] - Creating ModelSet Folder: /home/yexiao/shifu-master/dataset1...
2018-07-13 04:22:01:INFO CreateModelProcessor [main] - Creating Initial ModelConfig.json ...
2018-07-13 04:22:01:INFO CreateModelProcessor [main] - Enable LOCAL mode because Hadoop cluster is not detected.
2018-07-13 04:22:01:WARN NativeCodeLoader [main] - Unable to load native-hadoop library for your platform... using builtin-java classes where applicable
2018-07-13 04:22:02:INFO CreateModelProcessor [main] - Step Finished: new
2018-07-13 04:22:02:INFO ShifuCLI [main] - ModelSet dataset1 is created successfully with ModelConfig.json in dataset1 folder.
2018-07-13 04:22:02:INFO ShifuCLI [main] - Please change your folder to dataset1 and then configure your ModelConfig.json or directly do initialization step by 'shifu init.'
2018-07-13 05:46:29:INFO CreateModelProcessor [main] - Creating ModelSet Folder: /home/yexiao/shifu-master/dataset1...
2018-07-13 05:46:29:INFO CreateModelProcessor [main] - Creating Initial ModelConfig.json ...
2018-07-13 05:46:29:INFO CreateModelProcessor [main] - Enable LOCAL mode because Hadoop cluster is not detected.
2018-07-13 05:46:30:WARN NativeCodeLoader [main] - Unable to load native-hadoop library for your platform... using builtin-java classes where applicable
2018-07-13 05:46:30:INFO CreateModelProcessor [main] - Step Finished: new
2018-07-13 05:46:30:INFO ShifuCLI [main] - ModelSet dataset1 is created successfully with ModelConfig.json in dataset1 folder.
2018-07-13 05:46:30:INFO ShifuCLI [main] - Please change your folder to dataset1 and then configure your ModelConfig.json or directly do initialization step by 'shifu init.'
2018-07-13 05:57:48:INFO CreateModelProcessor [main] - Creating ModelSet Folder: /home/yexiao/shifu-master/dataset1...
2018-07-13 05:57:48:INFO CreateModelProcessor [main] - Creating Initial ModelConfig.json ...
2018-07-13 05:57:48:INFO CreateModelProcessor [main] - Enable LOCAL mode because Hadoop cluster is not detected.
2018-07-13 05:57:48:WARN NativeCodeLoader [main] - Unable to load native-hadoop library for your platform... using builtin-java classes where applicable
2018-07-13 05:57:49:INFO CreateModelProcessor [main] - Step Finished: new
2018-07-13 05:57:49:INFO ShifuCLI [main] - ModelSet dataset1 is created successfully with ModelConfig.json in dataset1 folder.
2018-07-13 05:57:49:INFO ShifuCLI [main] - Please change your folder to dataset1 and then configure your ModelConfig.json or directly do initialization step by 'shifu init.'
2018-07-15 10:11:24:INFO CreateModelProcessor [main] - Creating ModelSet Folder: /home/yexiao/shifu-master/dataset1...
2018-07-15 10:11:24:INFO CreateModelProcessor [main] - Creating Initial ModelConfig.json ...
2018-07-15 10:11:25:INFO CreateModelProcessor [main] - Enable LOCAL mode because Hadoop cluster is not detected.
2018-07-15 10:11:25:WARN NativeCodeLoader [main] - Unable to load native-hadoop library for your platform... using builtin-java classes where applicable
2018-07-15 10:11:26:INFO CreateModelProcessor [main] - Step Finished: new
2018-07-15 10:11:26:INFO ShifuCLI [main] - ModelSet dataset1 is created successfully with ModelConfig.json in dataset1 folder.
2018-07-15 10:11:26:INFO ShifuCLI [main] - Please change your folder to dataset1 and then configure your ModelConfig.json or directly do initialization step by 'shifu init.'
2018-07-15 10:20:06:INFO CreateModelProcessor [main] - Creating ModelSet Folder: /home/yexiao/shifu-master/dataset1...
2018-07-15 10:20:06:INFO CreateModelProcessor [main] - Creating Initial ModelConfig.json ...
2018-07-15 10:20:06:INFO CreateModelProcessor [main] - Enable LOCAL mode because Hadoop cluster is not detected.
2018-07-15 10:20:06:WARN NativeCodeLoader [main] - Unable to load native-hadoop library for your platform... using builtin-java classes where applicable
2018-07-15 10:20:07:INFO CreateModelProcessor [main] - Step Finished: new
2018-07-15 10:20:07:INFO ShifuCLI [main] - ModelSet dataset1 is created successfully with ModelConfig.json in dataset1 folder.
2018-07-15 10:20:07:INFO ShifuCLI [main] - Please change your folder to dataset1 and then configure your ModelConfig.json or directly do initialization step by 'shifu init.'
